<?xml version="1.0" encoding="UTF-8"?>
<coverage generated="1576094470205" clover="3.2.0">
  <project timestamp="1576094470206" name="All files">
    <metrics statements="9" coveredstatements="9" conditionals="8" coveredconditionals="8" methods="2" coveredmethods="2" elements="19" coveredelements="19" complexity="0" loc="9" ncloc="9" packages="1" files="1" classes="1"/>
    <file name="app.js" path="J:\CODE\GitHub\ajs-5_destructuring\src\app.js">
      <metrics statements="9" coveredstatements="9" conditionals="8" coveredconditionals="8" methods="2" coveredmethods="2"/>
      <line num="2" count="3" type="cond" truecount="2" falsecount="0"/>
      <line num="3" count="2" type="stmt"/>
      <line num="4" count="2" type="stmt"/>
      <line num="5" count="3" type="cond" truecount="1" falsecount="0"/>
      <line num="6" count="3" type="cond" truecount="5" falsecount="0"/>
      <line num="7" count="2" type="stmt"/>
      <line num="14" count="1" type="stmt"/>
      <line num="17" count="1" type="stmt"/>
      <line num="19" count="1" type="stmt"/>
    </file>
  </project>
</coverage>
