{"J:\\CODE\\GitHub\\ajs-5_destructuring\\src\\app.js": {"path":"J:\\CODE\\GitHub\\ajs-5_destructuring\\src\\app.js","statementMap":{"0":{"start":{"line":2,"column":2},"end":{"line":20,"column":3}},"1":{"start":{"line":3,"column":24},"end":{"line":3,"column":28}},"2":{"start":{"line":4,"column":23},"end":{"line":16,"column":6}},"3":{"start":{"line":5,"column":70},"end":{"line":5,"column":74}},"4":{"start":{"line":6,"column":6},"end":{"line":15,"column":7}},"5":{"start":{"line":7,"column":8},"end":{"line":12,"column":10}},"6":{"start":{"line":14,"column":8},"end":{"line":14,"column":89}},"7":{"start":{"line":17,"column":4},"end":{"line":17,"column":22}},"8":{"start":{"line":19,"column":4},"end":{"line":19,"column":48}}},"fnMap":{"0":{"name":"getAttackTypes","decl":{"start":{"line":1,"column":24},"end":{"line":1,"column":38}},"loc":{"start":{"line":1,"column":45},"end":{"line":21,"column":1}},"line":1},"1":{"name":"(anonymous_1)","decl":{"start":{"line":4,"column":35},"end":{"line":4,"column":36}},"loc":{"start":{"line":4,"column":45},"end":{"line":16,"column":5}},"line":4}},"branchMap":{"0":{"loc":{"start":{"line":2,"column":2},"end":{"line":20,"column":3}},"type":"if","locations":[{"start":{"line":2,"column":2},"end":{"line":20,"column":3}},{"start":{"line":2,"column":2},"end":{"line":20,"column":3}}],"line":2},"1":{"loc":{"start":{"line":5,"column":30},"end":{"line":5,"column":65}},"type":"default-arg","locations":[{"start":{"line":5,"column":44},"end":{"line":5,"column":65}}],"line":5},"2":{"loc":{"start":{"line":6,"column":6},"end":{"line":15,"column":7}},"type":"if","locations":[{"start":{"line":6,"column":6},"end":{"line":15,"column":7}},{"start":{"line":6,"column":6},"end":{"line":15,"column":7}}],"line":6},"3":{"loc":{"start":{"line":6,"column":10},"end":{"line":6,"column":28}},"type":"binary-expr","locations":[{"start":{"line":6,"column":10},"end":{"line":6,"column":12}},{"start":{"line":6,"column":16},"end":{"line":6,"column":20}},{"start":{"line":6,"column":24},"end":{"line":6,"column":28}}],"line":6}},"s":{"0":3,"1":2,"2":2,"3":3,"4":3,"5":2,"6":1,"7":1,"8":1},"f":{"0":3,"1":3},"b":{"0":[2,1],"1":[2],"2":[2,1],"3":[3,2,2]},"_coverageSchema":"43e27e138ebf9cfc5966b082cf9a028302ed4184","hash":"26ecf6f308530ba873dd575b7bda875c31baee31"}
}
